<?xml version="1.0" encoding="UTF-8"?>
<!-- Generated by org.testng.reporters.JUnitXMLReporter -->
<testsuite hostname="Benjamin-VAIO" ignored="0" name="Test" tests="2" failures="0" timestamp="04 Aug 2019 18:55:47 GMT" time="1.157" errors="0">
  <testcase name="@BeforeTest config" time="1.064" classname="com.testrails.test_execution">
    <failure type="java.lang.NoSuchMethodError" message="com.google.common.util.concurrent.SimpleTimeLimiter.create(Ljava/util/concurrent/ExecutorService;)Lcom/google/common/util/concurrent/SimpleTimeLimiter;">
      <![CDATA[java.lang.NoSuchMethodError: com.google.common.util.concurrent.SimpleTimeLimiter.create(Ljava/util/concurrent/ExecutorService;)Lcom/google/common/util/concurrent/SimpleTimeLimiter;
at org.openqa.selenium.net.UrlChecker.<init>(UrlChecker.java:62)
at org.openqa.selenium.remote.service.DriverService.waitUntilAvailable(DriverService.java:197)
at org.openqa.selenium.remote.service.DriverService.start(DriverService.java:188)
at org.openqa.selenium.remote.service.DriverCommandExecutor.execute(DriverCommandExecutor.java:79)
at org.openqa.selenium.remote.RemoteWebDriver.execute(RemoteWebDriver.java:552)
at org.openqa.selenium.remote.RemoteWebDriver.startSession(RemoteWebDriver.java:213)
at org.openqa.selenium.ie.InternetExplorerDriver.run(InternetExplorerDriver.java:221)
at org.openqa.selenium.ie.InternetExplorerDriver.<init>(InternetExplorerDriver.java:213)
at org.openqa.selenium.ie.InternetExplorerDriver.<init>(InternetExplorerDriver.java:150)
at com.testrails.test_execution.config(test_execution.java:37)
... Removed 24 stack frames]]>
    </failure>
  </testcase> <!-- @BeforeTest config -->
  <testcase name="launch_search" time="0.0" classname="com.testrails.test_execution">
    <skipped/>
  </testcase> <!-- launch_search -->
  <testcase name="testrail_report" time="0.0" classname="com.testrails.test_execution">
    <skipped/>
  </testcase> <!-- testrail_report -->
</testsuite> <!-- Test -->
